<?xml version="1.0" encoding="UTF-8"?>
<testng-results ignored="0" total="1" passed="1" failed="0" skipped="0">
  <reporter-output>
  </reporter-output>
  <suite started-at="2019-01-06T17:22:20Z" name="Default suite" finished-at="2019-01-06T17:23:58Z" duration-ms="97584">
    <groups>
    </groups>
    <test started-at="2019-01-06T17:22:20Z" name="Default test" finished-at="2019-01-06T17:23:58Z" duration-ms="97584">
      <class name="recordingCase.RecordingCaseDemo_TestNG">
        <test-method is-config="true" signature="setUp()[pri:0, instance:recordingCase.RecordingCaseDemo_TestNG@6f45df59]" started-at="2019-01-06T17:22:20Z" name="setUp" finished-at="2019-01-06T17:22:42Z" duration-ms="21369" status="PASS">
          <reporter-output>
          </reporter-output>
        </test-method> <!-- setUp -->
        <test-method signature="test()[pri:0, instance:recordingCase.RecordingCaseDemo_TestNG@6f45df59]" started-at="2019-01-06T17:22:42Z" name="test" finished-at="2019-01-06T17:23:56Z" duration-ms="74403" status="PASS">
          <reporter-output>
          </reporter-output>
        </test-method> <!-- test -->
        <test-method is-config="true" signature="tearDown()[pri:0, instance:recordingCase.RecordingCaseDemo_TestNG@6f45df59]" started-at="2019-01-06T17:23:56Z" name="tearDown" finished-at="2019-01-06T17:23:58Z" duration-ms="1712" status="PASS">
          <reporter-output>
          </reporter-output>
        </test-method> <!-- tearDown -->
      </class> <!-- recordingCase.RecordingCaseDemo_TestNG -->
    </test> <!-- Default test -->
  </suite> <!-- Default suite -->
</testng-results>
